<?xml version="1.0" encoding="UTF-8"?>
<!-- Generated by org.testng.reporters.JUnitXMLReporter -->
<testsuite ignored="0" hostname="ASCINLAP61416" failures="0" tests="8" name="Snapdeal Tests" time="73.599" errors="0" timestamp="2025-10-27T21:23:52 IST">
  <testcase classname="com.snapdeal.tests.loginsnapdeal" name="loginSnapdeal" time="27.033"/>
  <testcase classname="com.snapdeal.tests.loginsnapdeal" name="openHomePage" time="6.146"/>
  <testcase classname="com.snapdeal.tests.loginsnapdeal" name="searchProduct" time="4.516"/>
  <testcase classname="com.snapdeal.tests.loginsnapdeal" name="sortProducts" time="0.565"/>
  <testcase classname="com.snapdeal.tests.loginsnapdeal" name="selectFirstProduct" time="1.866"/>
  <testcase classname="com.snapdeal.tests.loginsnapdeal" name="addToCart" time="2.479"/>
  <testcase classname="com.snapdeal.tests.loginsnapdeal" name="viewCart" time="3.611"/>
  <testcase classname="com.snapdeal.tests.loginsnapdeal" name="verifyCartPage" time="20.036"/>
</testsuite> <!-- Snapdeal Tests -->
