<?xml version="1.0" encoding="UTF-8"?>
<testng-results ignored="0" total="8" passed="8" failed="0" skipped="0">
  <reporter-output>
  </reporter-output>
  <suite started-at="2025-10-28T14:41:33 IST" name="Default suite" finished-at="2025-10-28T14:43:17 IST" duration-ms="104103">
    <groups>
    </groups>
    <test started-at="2025-10-28T14:41:33 IST" name="Default test" finished-at="2025-10-28T14:43:17 IST" duration-ms="104103">
      <class name="com.snapdeal.tests.loginsnapdeal">
        <test-method is-config="true" signature="initReport()[pri:0, instance:com.snapdeal.tests.loginsnapdeal@15ca7889]" started-at="2025-10-28T14:41:32 IST" name="initReport" finished-at="2025-10-28T14:41:33 IST" duration-ms="249" status="PASS">
          <reporter-output>
          </reporter-output>
        </test-method> <!-- initReport -->
        <test-method is-config="true" signature="setupDriver()[pri:0, instance:com.snapdeal.tests.loginsnapdeal@15ca7889]" started-at="2025-10-28T14:41:33 IST" name="setupDriver" finished-at="2025-10-28T14:41:36 IST" duration-ms="3787" status="PASS">
          <reporter-output>
          </reporter-output>
        </test-method> <!-- setupDriver -->
        <test-method is-config="true" signature="setupPages()[pri:0, instance:com.snapdeal.tests.loginsnapdeal@15ca7889]" started-at="2025-10-28T14:41:36 IST" name="setupPages" finished-at="2025-10-28T14:41:36 IST" duration-ms="11" status="PASS">
          <reporter-output>
          </reporter-output>
        </test-method> <!-- setupPages -->
        <test-method signature="loginSnapdeal()[pri:1, instance:com.snapdeal.tests.loginsnapdeal@15ca7889]" started-at="2025-10-28T14:41:36 IST" name="loginSnapdeal" finished-at="2025-10-28T14:42:36 IST" duration-ms="59638" status="PASS">
          <reporter-output>
          </reporter-output>
        </test-method> <!-- loginSnapdeal -->
        <test-method signature="openHomePage()[pri:2, instance:com.snapdeal.tests.loginsnapdeal@15ca7889]" started-at="2025-10-28T14:42:36 IST" name="openHomePage" finished-at="2025-10-28T14:42:39 IST" duration-ms="3424" status="PASS">
          <reporter-output>
          </reporter-output>
        </test-method> <!-- openHomePage -->
        <test-method signature="searchProduct()[pri:3, instance:com.snapdeal.tests.loginsnapdeal@15ca7889]" started-at="2025-10-28T14:42:39 IST" name="searchProduct" finished-at="2025-10-28T14:42:45 IST" duration-ms="5316" status="PASS">
          <reporter-output>
          </reporter-output>
        </test-method> <!-- searchProduct -->
        <test-method signature="sortProducts()[pri:4, instance:com.snapdeal.tests.loginsnapdeal@15ca7889]" started-at="2025-10-28T14:42:45 IST" name="sortProducts" finished-at="2025-10-28T14:42:46 IST" duration-ms="1138" status="PASS">
          <reporter-output>
          </reporter-output>
        </test-method> <!-- sortProducts -->
        <test-method signature="selectFirstProduct()[pri:5, instance:com.snapdeal.tests.loginsnapdeal@15ca7889]" started-at="2025-10-28T14:42:46 IST" name="selectFirstProduct" finished-at="2025-10-28T14:43:07 IST" duration-ms="21026" status="PASS">
          <reporter-output>
          </reporter-output>
        </test-method> <!-- selectFirstProduct -->
        <test-method signature="addToCart()[pri:6, instance:com.snapdeal.tests.loginsnapdeal@15ca7889]" started-at="2025-10-28T14:43:07 IST" name="addToCart" finished-at="2025-10-28T14:43:11 IST" duration-ms="4197" status="PASS">
          <reporter-output>
          </reporter-output>
        </test-method> <!-- addToCart -->
        <test-method signature="viewCart()[pri:7, instance:com.snapdeal.tests.loginsnapdeal@15ca7889]" started-at="2025-10-28T14:43:11 IST" name="viewCart" finished-at="2025-10-28T14:43:12 IST" duration-ms="426" status="PASS">
          <reporter-output>
          </reporter-output>
        </test-method> <!-- viewCart -->
        <test-method signature="verifyCartPage()[pri:8, instance:com.snapdeal.tests.loginsnapdeal@15ca7889]" started-at="2025-10-28T14:43:12 IST" name="verifyCartPage" finished-at="2025-10-28T14:43:13 IST" duration-ms="844" status="PASS">
          <reporter-output>
          </reporter-output>
        </test-method> <!-- verifyCartPage -->
        <test-method is-config="true" signature="tearDown()[pri:0, instance:com.snapdeal.tests.loginsnapdeal@15ca7889]" started-at="2025-10-28T14:43:13 IST" name="tearDown" finished-at="2025-10-28T14:43:17 IST" duration-ms="4123" status="PASS">
          <reporter-output>
          </reporter-output>
        </test-method> <!-- tearDown -->
      </class> <!-- com.snapdeal.tests.loginsnapdeal -->
    </test> <!-- Default test -->
  </suite> <!-- Default suite -->
</testng-results>
